<?xml version="1.0" encoding="utf-8"?><testsuite errors="0" failures="0" name="pytest" skips="0" tests="7" time="0.353"><testcase classname="pytests.test_index" file="pytests/test_index.py" line="9" name="test_conda_environment_activated" time="0.0015475749969482422"></testcase><testcase classname="pytests.test_index" file="pytests/test_index.py" line="12" name="test_ceo" time="0.0005853176116943359"></testcase><testcase classname="pytests.test_index" file="pytests/test_index.py" line="16" name="test_art_vandelay" time="0.0005509853363037109"></testcase><testcase classname="pytests.test_index" file="pytests/test_index.py" line="20" name="test_ends_with_com" time="0.0005719661712646484"></testcase><testcase classname="pytests.test_index" file="pytests/test_index.py" line="24" name="test_web_address" time="0.0005629062652587891"></testcase><testcase classname="pytests.test_index" file="pytests/test_index.py" line="28" name="test_phone_num_one" time="0.0005583763122558594"></testcase><testcase classname="pytests.test_index" file="pytests/test_index.py" line="32" name="test_phone_num_two" time="0.0005702972412109375"></testcase></testsuite>